# JRE version: OpenJDK Runtime Environment (8.0_112-b06) (build 1.8.0_112-release-b06)
# Java VM: OpenJDK 64-Bit Server VM (25.112-b06 mixed mode windows-amd64 compressed oops)
Heap:
 PSYoungGen      total 98816K, used 51391K [0x00000000e0000000, 0x00000000e6c00000, 0x0000000100000000)
  eden space 87552K, 50% used [0x00000000e0000000,0x00000000e2b67370,0x00000000e5580000)
  from space 11264K, 61% used [0x00000000e6080000,0x00000000e6748918,0x00000000e6b80000)
  to   space 11264K, 0% used [0x00000000e5580000,0x00000000e5580000,0x00000000e6080000)
 ParOldGen       total 95744K, used 14651K [0x00000000a0000000, 0x00000000a5d80000, 0x00000000e0000000)
  object space 95744K, 15% used [0x00000000a0000000,0x00000000a0e4ecf8,0x00000000a5d80000)
 Metaspace       used 42760K, capacity 43742K, committed 43904K, reserved 1087488K
  class space    used 5758K, capacity 6012K, committed 6016K, reserved 1048576K
GC Heap History (10 events):
Event: 5.163 GC heap before
{Heap before GC invocations=8 (full 1):
 PSYoungGen      total 56832K, used 53814K [0x00000000e0000000, 0x00000000e4380000, 0x0000000100000000)
  eden space 47616K, 100% used [0x00000000e0000000,0x00000000e2e80000,0x00000000e2e80000)
  from space 9216K, 67% used [0x00000000e3a80000,0x00000000e408d840,0x00000000e4380000)
  to   space 10752K, 0% used [0x00000000e2e80000,0x00000000e2e80000,0x00000000e3900000)
 ParOldGen       total 67584K, used 9353K [0x00000000a0000000, 0x00000000a4200000, 0x00000000e0000000)
  object space 67584K, 13% used [0x00000000a0000000,0x00000000a09225a8,0x00000000a4200000)
 Metaspace       used 29754K, capacity 30366K, committed 30720K, reserved 1075200K
  class space    used 4067K, capacity 4248K, committed 4352K, reserved 1048576K
Event: 5.172 GC heap after
Heap after GC invocations=8 (full 1):
 PSYoungGen      total 58368K, used 7030K [0x00000000e0000000, 0x00000000e5680000, 0x0000000100000000)
  eden space 47616K, 0% used [0x00000000e0000000,0x00000000e0000000,0x00000000e2e80000)
  from space 10752K, 65% used [0x00000000e2e80000,0x00000000e355d998,0x00000000e3900000)
  to   space 10240K, 0% used [0x00000000e4c80000,0x00000000e4c80000,0x00000000e5680000)
 ParOldGen       total 67584K, used 9361K [0x00000000a0000000, 0x00000000a4200000, 0x00000000e0000000)
  object space 67584K, 13% used [0x00000000a0000000,0x00000000a09245a8,0x00000000a4200000)
 Metaspace       used 29754K, capacity 30366K, committed 30720K, reserved 1075200K
  class space    used 4067K, capacity 4248K, committed 4352K, reserved 1048576K
}
Event: 8.239 GC heap before
{Heap before GC invocations=9 (full 1):
 PSYoungGen      total 58368K, used 54646K [0x00000000e0000000, 0x00000000e5680000, 0x0000000100000000)
  eden space 47616K, 100% used [0x00000000e0000000,0x00000000e2e80000,0x00000000e2e80000)
  from space 10752K, 65% used [0x00000000e2e80000,0x00000000e355d998,0x00000000e3900000)
  to   space 10240K, 0% used [0x00000000e4c80000,0x00000000e4c80000,0x00000000e5680000)
 ParOldGen       total 67584K, used 9361K [0x00000000a0000000, 0x00000000a4200000, 0x00000000e0000000)
  object space 67584K, 13% used [0x00000000a0000000,0x00000000a09245a8,0x00000000a4200000)
 Metaspace       used 33531K, capacity 34210K, committed 34432K, reserved 1079296K
  class space    used 4519K, capacity 4725K, committed 4736K, reserved 1048576K
Event: 8.248 GC heap after
Heap after GC invocations=9 (full 1):
 PSYoungGen      total 75264K, used 9655K [0x00000000e0000000, 0x00000000e5600000, 0x0000000100000000)
  eden space 65536K, 0% used [0x00000000e0000000,0x00000000e0000000,0x00000000e4000000)
  from space 9728K, 99% used [0x00000000e4c80000,0x00000000e55edff8,0x00000000e5600000)
  to   space 11264K, 0% used [0x00000000e4000000,0x00000000e4000000,0x00000000e4b00000)
 ParOldGen       total 67584K, used 9433K [0x00000000a0000000, 0x00000000a4200000, 0x00000000e0000000)
  object space 67584K, 13% used [0x00000000a0000000,0x00000000a09365b8,0x00000000a4200000)
 Metaspace       used 33531K, capacity 34210K, committed 34432K, reserved 1079296K
  class space    used 4519K, capacity 4725K, committed 4736K, reserved 1048576K
}
Event: 8.386 GC heap before
{Heap before GC invocations=10 (full 1):
 PSYoungGen      total 75264K, used 22143K [0x00000000e0000000, 0x00000000e5600000, 0x0000000100000000)
  eden space 65536K, 19% used [0x00000000e0000000,0x00000000e0c31d20,0x00000000e4000000)
  from space 9728K, 99% used [0x00000000e4c80000,0x00000000e55edff8,0x00000000e5600000)
  to   space 11264K, 0% used [0x00000000e4000000,0x00000000e4000000,0x00000000e4b00000)
 ParOldGen       total 67584K, used 9433K [0x00000000a0000000, 0x00000000a4200000, 0x00000000e0000000)
  object space 67584K, 13% used [0x00000000a0000000,0x00000000a09365b8,0x00000000a4200000)
 Metaspace       used 34618K, capacity 35318K, committed 35416K, reserved 1079296K
  class space    used 4666K, capacity 4861K, committed 4864K, reserved 1048576K
Event: 8.394 GC heap after
Heap after GC invocations=10 (full 1):
 PSYoungGen      total 76800K, used 8219K [0x00000000e0000000, 0x00000000e6b80000, 0x0000000100000000)
  eden space 65536K, 0% used [0x00000000e0000000,0x00000000e0000000,0x00000000e4000000)
  from space 11264K, 72% used [0x00000000e4000000,0x00000000e4806fc0,0x00000000e4b00000)
  to   space 11264K, 0% used [0x00000000e6080000,0x00000000e6080000,0x00000000e6b80000)
 ParOldGen       total 67584K, used 9441K [0x00000000a0000000, 0x00000000a4200000, 0x00000000e0000000)
  object space 67584K, 13% used [0x00000000a0000000,0x00000000a09385b8,0x00000000a4200000)
 Metaspace       used 34618K, capacity 35318K, committed 35416K, reserved 1079296K
  class space    used 4666K, capacity 4861K, committed 4864K, reserved 1048576K
}
Event: 8.394 GC heap before
{Heap before GC invocations=11 (full 2):
 PSYoungGen      total 76800K, used 8219K [0x00000000e0000000, 0x00000000e6b80000, 0x0000000100000000)
  eden space 65536K, 0% used [0x00000000e0000000,0x00000000e0000000,0x00000000e4000000)
  from space 11264K, 72% used [0x00000000e4000000,0x00000000e4806fc0,0x00000000e4b00000)
  to   space 11264K, 0% used [0x00000000e6080000,0x00000000e6080000,0x00000000e6b80000)
 ParOldGen       total 67584K, used 9441K [0x00000000a0000000, 0x00000000a4200000, 0x00000000e0000000)
  object space 67584K, 13% used [0x00000000a0000000,0x00000000a09385b8,0x00000000a4200000)
 Metaspace       used 34618K, capacity 35318K, committed 35416K, reserved 1079296K
  class space    used 4666K, capacity 4861K, committed 4864K, reserved 1048576K
Event: 8.484 GC heap after
Heap after GC invocations=11 (full 2):
 PSYoungGen      total 76800K, used 0K [0x00000000e0000000, 0x00000000e6b80000, 0x0000000100000000)
  eden space 65536K, 0% used [0x00000000e0000000,0x00000000e0000000,0x00000000e4000000)
  from space 11264K, 0% used [0x00000000e4000000,0x00000000e4000000,0x00000000e4b00000)
  to   space 11264K, 0% used [0x00000000e6080000,0x00000000e6080000,0x00000000e6b80000)
 ParOldGen       total 95744K, used 14643K [0x00000000a0000000, 0x00000000a5d80000, 0x00000000e0000000)
  object space 95744K, 15% used [0x00000000a0000000,0x00000000a0e4ccf8,0x00000000a5d80000)
 Metaspace       used 34618K, capacity 35318K, committed 35416K, reserved 1079296K
  class space    used 4666K, capacity 4861K, committed 4864K, reserved 1048576K
}
Event: 9.152 GC heap before
{Heap before GC invocations=12 (full 2):
 PSYoungGen      total 76800K, used 65536K [0x00000000e0000000, 0x00000000e6b80000, 0x0000000100000000)
  eden space 65536K, 100% used [0x00000000e0000000,0x00000000e4000000,0x00000000e4000000)
  from space 11264K, 0% used [0x00000000e4000000,0x00000000e4000000,0x00000000e4b00000)
  to   space 11264K, 0% used [0x00000000e6080000,0x00000000e6080000,0x00000000e6b80000)
 ParOldGen       total 95744K, used 14643K [0x00000000a0000000, 0x00000000a5d80000, 0x00000000e0000000)
  object space 95744K, 15% used [0x00000000a0000000,0x00000000a0e4ccf8,0x00000000a5d80000)
 Metaspace       used 37937K, capacity 38752K, committed 38912K, reserved 1083392K
  class space    used 5083K, capacity 5307K, committed 5376K, reserved 1048576K
Event: 9.169 GC heap after
Heap after GC invocations=12 (full 2):
 PSYoungGen      total 98816K, used 6946K [0x00000000e0000000, 0x00000000e6c00000, 0x0000000100000000)
  eden space 87552K, 0% used [0x00000000e0000000,0x00000000e0000000,0x00000000e5580000)
  from space 11264K, 61% used [0x00000000e6080000,0x00000000e6748918,0x00000000e6b80000)
  to   space 11264K, 0% used [0x00000000e5580000,0x00000000e5580000,0x00000000e6080000)
 ParOldGen       total 95744K, used 14651K [0x00000000a0000000, 0x00000000a5d80000, 0x00000000e0000000)
  object space 95744K, 15% used [0x00000000a0000000,0x00000000a0e4ecf8,0x00000000a5d80000)
 Metaspace       used 37937K, capacity 38752K, committed 38912K, reserved 1083392K
  class space    used 5083K, capacity 5307K, committed 5376K, reserved 1048576K
}

